This is pdfTeX, Version 3.14159265-2.6-1.40.21 (MiKTeX 20.11) (preloaded format=pdflatex 2020.11.17)  20 NOV 2020 04:56
entering extended mode
**./Tesis.tex
(Tesis.tex
LaTeX2e <2020-10-01> patch level 2
L3 programming layer <2020-10-27> xparse <2020-03-03>
(C:\Users\Pablo\AppData\Local\Programs\MiKTeX\tex/latex/base\book.cls
Document Class: book 2020/04/10 v1.4m Standard LaTeX document class
(C:\Users\Pablo\AppData\Local\Programs\MiKTeX\tex/latex/base\bk11.clo
File: bk11.clo 2020/04/10 v1.4m Standard LaTeX file (size option)
)
\c@part=\count175
\c@chapter=\count176
\c@section=\count177
\c@subsection=\count178
\c@subsubsection=\count179
\c@paragraph=\count180
\c@subparagraph=\count181
\c@figure=\count182
\c@table=\count183
\abovecaptionskip=\skip47
\belowcaptionskip=\skip48
\bibindent=\dimen138
)
\@input{config.aux}
\openout2 = `config.aux'.

(config.tex) (TeXiS/TeXiS.sty
Package: TeXiS/TeXiS 

(C:\Users\Pablo\AppData\Local\Programs\MiKTeX\tex/latex/tools\verbatim.sty
Package: verbatim 2019/11/10 v1.5r LaTeX2e package for verbatim enhancements
\every@verbatim=\toks15
\verbatim@line=\toks16
\verbatim@in@stream=\read2
)
\example@out=\write3

\@input{TeXiS/TeXiS_pream.aux}
\openout2 = `TeXiS/TeXiS_pream.aux'.

(TeXiS/TeXiS_pream.tex
(C:\Users\Pablo\AppData\Local\Programs\MiKTeX\tex/latex/base\shortvrb.sty
Package: shortvrb 2020/06/15 v2.1m Standard LaTeX documentation package (FMi)
)
(C:\Users\Pablo\AppData\Local\Programs\MiKTeX\tex/latex/base\inputenc.sty
Package: inputenc 2020/08/01 v1.3d Input encoding file
\inpenc@prehook=\toks17
\inpenc@posthook=\toks18

(C:\Users\Pablo\AppData\Local\Programs\MiKTeX\tex/latex/base\latin1.def
File: latin1.def 2020/08/01 v1.3d Input encoding file
))
(C:\Users\Pablo\AppData\Local\Programs\MiKTeX\tex/latex/natbib\natbib.sty
Package: natbib 2010/09/13 8.31b (PWD, AO)
\bibhang=\skip49
\bibsep=\skip50
LaTeX Info: Redefining \cite on input line 694.
\c@NAT@ctr=\count184
)
(C:\Users\Pablo\AppData\Local\Programs\MiKTeX\tex/generic/babel\babel.sty
Package: babel 2020/10/27 3.51 The Babel package

(C:\Users\Pablo\AppData\Local\Programs\MiKTeX\tex/generic/babel\babel.def
File: babel.def 2020/10/27 3.51 Babel common definitions
\babel@savecnt=\count185
\U@D=\dimen139
\l@babelnohyphens=\language79

(C:\Users\Pablo\AppData\Local\Programs\MiKTeX\tex/generic/babel\txtbabel.def)
\bbl@readstream=\read3
)
\bbl@dirlevel=\count186

*************************************
* Local config file bblopts.cfg used
*
(C:\Users\Pablo\AppData\Local\Programs\MiKTeX\tex/latex/arabi\bblopts.cfg
File: bblopts.cfg 2005/09/08 v0.1 add Arabic and Farsi to "declared" options of
 babel
)
(C:\Users\Pablo\AppData\Local\Programs\MiKTeX\tex/latex/babel-spanish\spanish.l
df
Language: spanish.ldf 2016/03/03 v5.0p Spanish support from the babel system
\es@quottoks=\toks19
\es@quotdepth=\count187
Package babel Info: Making " an active character on input line 561.
Package babel Info: Making . an active character on input line 662.
Package babel Info: Making < an active character on input line 707.
Package babel Info: Making > an active character on input line 707.
Package babel Info: Making ' an active character on input line 725.
)) (C:\Users\Pablo\AppData\Local\Programs\MiKTeX\tex/latex/url\url.sty
\Urlmuskip=\muskip16
Package: url 2013/09/16  ver 3.4  Verb mode for urls, etc.
)
(C:\Users\Pablo\AppData\Local\Programs\MiKTeX\tex/generic/iftex\ifpdf.sty
Package: ifpdf 2019/10/25 v3.4 ifpdf legacy package. Use iftex instead.

(C:\Users\Pablo\AppData\Local\Programs\MiKTeX\tex/generic/iftex\iftex.sty
Package: iftex 2020/03/06 v1.0d TeX engine tests
))
(C:\Users\Pablo\AppData\Local\Programs\MiKTeX\tex/latex/hyperref\hyperref.sty
Package: hyperref 2020-05-15 v7.00e Hypertext links for LaTeX

(C:\Users\Pablo\AppData\Local\Programs\MiKTeX\tex/generic/ltxcmds\ltxcmds.sty
Package: ltxcmds 2020-05-10 v1.25 LaTeX kernel commands for general use (HO)
)
(C:\Users\Pablo\AppData\Local\Programs\MiKTeX\tex/generic/pdftexcmds\pdftexcmds
.sty
Package: pdftexcmds 2020-06-27 v0.33 Utility functions of pdfTeX for LuaTeX (HO
)

(C:\Users\Pablo\AppData\Local\Programs\MiKTeX\tex/generic/infwarerr\infwarerr.s
ty
Package: infwarerr 2019/12/03 v1.5 Providing info/warning/error messages (HO)
)
Package pdftexcmds Info: \pdf@primitive is available.
Package pdftexcmds Info: \pdf@ifprimitive is available.
Package pdftexcmds Info: \pdfdraftmode found.
)
(C:\Users\Pablo\AppData\Local\Programs\MiKTeX\tex/latex/graphics\keyval.sty
Package: keyval 2014/10/28 v1.15 key=value parser (DPC)
\KV@toks@=\toks20
)
(C:\Users\Pablo\AppData\Local\Programs\MiKTeX\tex/generic/kvsetkeys\kvsetkeys.s
ty
Package: kvsetkeys 2019/12/15 v1.18 Key value parser (HO)
)
(C:\Users\Pablo\AppData\Local\Programs\MiKTeX\tex/generic/kvdefinekeys\kvdefine
keys.sty
Package: kvdefinekeys 2019-12-19 v1.6 Define keys (HO)
)
(C:\Users\Pablo\AppData\Local\Programs\MiKTeX\tex/generic/pdfescape\pdfescape.s
ty
Package: pdfescape 2019/12/09 v1.15 Implements pdfTeX's escape features (HO)
) (C:\Users\Pablo\AppData\Local\Programs\MiKTeX\tex/latex/hycolor\hycolor.sty
Package: hycolor 2020-01-27 v1.10 Color options for hyperref/bookmark (HO)
)
(C:\Users\Pablo\AppData\Local\Programs\MiKTeX\tex/latex/letltxmacro\letltxmacro
.sty
Package: letltxmacro 2019/12/03 v1.6 Let assignment for LaTeX macros (HO)
)
(C:\Users\Pablo\AppData\Local\Programs\MiKTeX\tex/latex/auxhook\auxhook.sty
Package: auxhook 2019-12-17 v1.6 Hooks for auxiliary files (HO)
)
(C:\Users\Pablo\AppData\Local\Programs\MiKTeX\tex/latex/kvoptions\kvoptions.sty
Package: kvoptions 2020-10-07 v3.14 Key value format for package options (HO)
)
\@linkdim=\dimen140
\Hy@linkcounter=\count188
\Hy@pagecounter=\count189
 (C:\Users\Pablo\AppData\Local\Programs\MiKTeX\tex/latex/hyperref\pd1enc.def
File: pd1enc.def 2020-05-15 v7.00e Hyperref: PDFDocEncoding definition (HO)
Now handling font encoding PD1 ...
... no UTF-8 mapping file for font encoding PD1
)
(C:\Users\Pablo\AppData\Local\Programs\MiKTeX\tex/generic/intcalc\intcalc.sty
Package: intcalc 2019/12/15 v1.3 Expandable calculations with integers (HO)
)
(C:\Users\Pablo\AppData\Local\Programs\MiKTeX\tex/generic/etexcmds\etexcmds.sty
Package: etexcmds 2019/12/15 v1.7 Avoid name clashes with e-TeX commands (HO)
)
\Hy@SavedSpaceFactor=\count190


Package hyperref Warning: Invalid value `0'
(hyperref)                for option `pdfborder'.
(hyperref)                Option setting is ignored on input line 4338.

Package hyperref Info: Option `colorlinks' set `true' on input line 4338.
Package hyperref Info: Option `hyperindex' set `true' on input line 4338.
Package hyperref Info: Option `pdfpagelabels' set `true' on input line 4338.
Package hyperref Info: Hyper figures OFF on input line 4464.
Package hyperref Info: Link nesting OFF on input line 4469.
Package hyperref Info: Hyper index ON on input line 4472.
Package hyperref Info: Plain pages OFF on input line 4479.
Package hyperref Info: Backreferencing OFF on input line 4484.
Package hyperref Info: Implicit mode ON; LaTeX internals redefined.
Package hyperref Info: Bookmarks ON on input line 4717.
\c@Hy@tempcnt=\count191
LaTeX Info: Redefining \url on input line 5076.
\XeTeXLinkMargin=\dimen141
(C:\Users\Pablo\AppData\Local\Programs\MiKTeX\tex/generic/bitset\bitset.sty
Package: bitset 2019/12/09 v1.3 Handle bit-vector datatype (HO)

(C:\Users\Pablo\AppData\Local\Programs\MiKTeX\tex/generic/bigintcalc\bigintcalc
.sty
Package: bigintcalc 2019/12/15 v1.5 Expandable calculations on big integers (HO
)
))
\Fld@menulength=\count192
\Field@Width=\dimen142
\Fld@charsize=\dimen143
Package hyperref Info: Hyper figures OFF on input line 6347.
Package hyperref Info: Link nesting OFF on input line 6352.
Package hyperref Info: Hyper index ON on input line 6355.
Package hyperref Info: backreferencing OFF on input line 6362.
Package hyperref Info: Link coloring ON on input line 6365.
Package hyperref Info: Link coloring with OCG OFF on input line 6372.
Package hyperref Info: PDF/A mode OFF on input line 6377.
LaTeX Info: Redefining \ref on input line 6417.
LaTeX Info: Redefining \pageref on input line 6421.

(C:\Users\Pablo\AppData\Local\Programs\MiKTeX\tex/latex/base\atbegshi-ltx.sty
Package: atbegshi-ltx 2020/08/17 v1.0a Emulation of the original atbegshi packa
ge
with kernel methods
)
\Hy@abspage=\count193
\c@Item=\count194
\c@Hfootnote=\count195
)
Package hyperref Info: Driver (autodetected): hpdftex.
(C:\Users\Pablo\AppData\Local\Programs\MiKTeX\tex/latex/hyperref\hpdftex.def
File: hpdftex.def 2020-05-15 v7.00e Hyperref driver for pdfTeX

(C:\Users\Pablo\AppData\Local\Programs\MiKTeX\tex/latex/base\atveryend-ltx.sty
Package: atveryend-ltx 2020/08/19 v1.0a Emulation of the original atvery packag
e
with kernel methods
)
\Fld@listcount=\count196
\c@bookmark@seq@number=\count197

(C:\Users\Pablo\AppData\Local\Programs\MiKTeX\tex/latex/rerunfilecheck\rerunfil
echeck.sty
Package: rerunfilecheck 2019/12/05 v1.9 Rerun checks for auxiliary files (HO)

(C:\Users\Pablo\AppData\Local\Programs\MiKTeX\tex/generic/uniquecounter\uniquec
ounter.sty
Package: uniquecounter 2019/12/15 v1.4 Provide unlimited unique counter (HO)
)
Package uniquecounter Info: New unique counter `rerunfilecheck' on input line 2
86.
)
\Hy@SectionHShift=\skip51
)
Package hyperref Info: Option `colorlinks' set `false' on input line 268.

(C:\Users\Pablo\AppData\Local\Programs\MiKTeX\tex/latex/base\makeidx.sty
Package: makeidx 2014/09/29 v1.0m Standard LaTeX package
)
\@indexfile=\write4
\openout4 = `Tesis.idx'.


Writing index file Tesis.idx
(C:\Users\Pablo\AppData\Local\Programs\MiKTeX\tex/latex/tools\multicol.sty
Package: multicol 2019/12/09 v1.8y multicolumn formatting (FMi)
\c@tracingmulticols=\count198
\mult@box=\box47
\multicol@leftmargin=\dimen144
\c@unbalance=\count199
\c@collectmore=\count266
\doublecol@number=\count267
\multicoltolerance=\count268
\multicolpretolerance=\count269
\full@width=\dimen145
\page@free=\dimen146
\premulticols=\dimen147
\postmulticols=\dimen148
\multicolsep=\skip52
\multicolbaselineskip=\skip53
\partial@page=\box48
\last@line=\box49
\maxbalancingoverflow=\dimen149
\mult@rightbox=\box50
\mult@grightbox=\box51
\mult@gfirstbox=\box52
\mult@firstbox=\box53
\@tempa=\box54
\@tempa=\box55
\@tempa=\box56
\@tempa=\box57
\@tempa=\box58
\@tempa=\box59
\@tempa=\box60
\@tempa=\box61
\@tempa=\box62
\@tempa=\box63
\@tempa=\box64
\@tempa=\box65
\@tempa=\box66
\@tempa=\box67
\@tempa=\box68
\@tempa=\box69
\@tempa=\box70
\@tempa=\box71
\@tempa=\box72
\@tempa=\box73
\@tempa=\box74
\@tempa=\box75
\@tempa=\box76
\@tempa=\box77
\@tempa=\box78
\@tempa=\box79
\@tempa=\box80
\@tempa=\box81
\@tempa=\box82
\@tempa=\box83
\@tempa=\box84
\@tempa=\box85
\@tempa=\box86
\@tempa=\box87
\@tempa=\box88
\@tempa=\box89
\@tempa=\box90
\c@minrows=\count270
\c@columnbadness=\count271
\c@finalcolumnbadness=\count272
\last@try=\dimen150
\multicolovershoot=\dimen151
\multicolundershoot=\dimen152
\mult@nat@firstbox=\box91
\colbreak@box=\box92
\mc@col@check@num=\count273
)
(C:\Users\Pablo\AppData\Local\Programs\MiKTeX\tex/latex/subfig\subfig.sty
Package: subfig 2005/06/28 ver: 1.3 subfig package

(C:\Users\Pablo\AppData\Local\Programs\MiKTeX\tex/latex/caption\caption.sty
Package: caption 2020/10/26 v3.5g Customizing captions (AR)

(C:\Users\Pablo\AppData\Local\Programs\MiKTeX\tex/latex/caption\caption3.sty
Package: caption3 2020/10/21 v2.2e caption3 kernel (AR)
\captionmargin=\dimen153
\captionmargin@=\dimen154
\captionwidth=\dimen155
\caption@tempdima=\dimen156
\caption@indent=\dimen157
\caption@parindent=\dimen158
\caption@hangindent=\dimen159
Package caption Info: Standard document class detected.
)
\c@caption@flags=\count274
\c@continuedfloat=\count275
Package caption Info: hyperref package is loaded.
)
\c@KVtest=\count276
\sf@farskip=\skip54
\sf@captopadj=\dimen160
\sf@capskip=\skip55
\sf@nearskip=\skip56
\c@subfigure=\count277
\c@subfigure@save=\count278
\c@lofdepth=\count279
\c@subtable=\count280
\c@subtable@save=\count281
\c@lotdepth=\count282
\sf@top=\skip57
\sf@bottom=\skip58
)
\sf@box=\box93
(C:\Users\Pablo\AppData\Local\Programs\MiKTeX\tex/latex/listings\listings.sty
\lst@mode=\count283
\lst@gtempboxa=\box94
\lst@token=\toks21
\lst@length=\count284
\lst@currlwidth=\dimen161
\lst@column=\count285
\lst@pos=\count286
\lst@lostspace=\dimen162
\lst@width=\dimen163
\lst@newlines=\count287
\lst@lineno=\count288
\lst@maxwidth=\dimen164

(C:\Users\Pablo\AppData\Local\Programs\MiKTeX\tex/latex/listings\lstmisc.sty
File: lstmisc.sty 2020/03/24 1.8d (Carsten Heinz)
\c@lstnumber=\count289
\lst@skipnumbers=\count290
\lst@framebox=\box95
)
(C:\Users\Pablo\AppData\Local\Programs\MiKTeX\tex/latex/listings\listings.cfg
File: listings.cfg 2020/03/24 1.8d listings configuration
))
Package: listings 2020/03/24 1.8d (Carsten Heinz)
(C:\Users\Pablo\AppData\Local\Programs\MiKTeX\tex/latex/tools\tabularx.sty
Package: tabularx 2020/01/15 v2.11c `tabularx' package (DPC)

(C:\Users\Pablo\AppData\Local\Programs\MiKTeX\tex/latex/tools\array.sty
Package: array 2019/08/31 v2.4l Tabular extension package (FMi)
\col@sep=\dimen165
\ar@mcellbox=\box96
\extrarowheight=\dimen166
\NC@list=\toks22
\extratabsurround=\skip59
\backup@length=\skip60
\ar@cellbox=\box97
)
\TX@col@width=\dimen167
\TX@old@table=\dimen168
\TX@old@col=\dimen169
\TX@target=\dimen170
\TX@delta=\dimen171
\TX@cols=\count291
\TX@ftn=\toks23
)
(C:\Users\Pablo\AppData\Local\Programs\MiKTeX\tex/latex/base\fontenc.sty
Package: fontenc 2020/08/10 v2.0s Standard LaTeX package
)
(C:\Users\Pablo\AppData\Local\Programs\MiKTeX\tex/latex/graphics\epsfig.sty
Package: epsfig 2017/06/25 v1.7b (e)psfig emulation (SPQR)

(C:\Users\Pablo\AppData\Local\Programs\MiKTeX\tex/latex/graphics\graphicx.sty
Package: graphicx 2020/09/09 v1.2b Enhanced LaTeX Graphics (DPC,SPQR)

(C:\Users\Pablo\AppData\Local\Programs\MiKTeX\tex/latex/graphics\graphics.sty
Package: graphics 2020/08/30 v1.4c Standard LaTeX Graphics (DPC,SPQR)

(C:\Users\Pablo\AppData\Local\Programs\MiKTeX\tex/latex/graphics\trig.sty
Package: trig 2016/01/03 v1.10 sin cos tan (DPC)
)
(C:\Users\Pablo\AppData\Local\Programs\MiKTeX\tex/latex/graphics-cfg\graphics.c
fg
File: graphics.cfg 2016/06/04 v1.11 sample graphics configuration
)
Package graphics Info: Driver file: pdftex.def on input line 105.

(C:\Users\Pablo\AppData\Local\Programs\MiKTeX\tex/latex/graphics-def\pdftex.def
File: pdftex.def 2020/10/05 v1.2a Graphics/color driver for pdftex
))
\Gin@req@height=\dimen172
\Gin@req@width=\dimen173
)
\epsfxsize=\dimen174
\epsfysize=\dimen175
) (C:\Users\Pablo\AppData\Local\Programs\MiKTeX\tex/latex/tools\calc.sty
Package: calc 2017/05/25 v4.3 Infix arithmetic (KKT,FJ)
\calc@Acount=\count292
\calc@Bcount=\count293
\calc@Adimen=\dimen176
\calc@Bdimen=\dimen177
\calc@Askip=\skip61
\calc@Bskip=\skip62
LaTeX Info: Redefining \setlength on input line 80.
LaTeX Info: Redefining \addtolength on input line 81.
\calc@Ccount=\count294
\calc@Cskip=\skip63
)
(C:\Users\Pablo\AppData\Local\Programs\MiKTeX\tex/latex/titlesec\titlesec.sty
Package: titlesec 2019/10/16 v2.13 Sectioning titles
\ttl@box=\box98
\beforetitleunit=\skip64
\aftertitleunit=\skip65
\ttl@plus=\dimen178
\ttl@minus=\dimen179
\ttl@toksa=\toks24
\titlewidth=\dimen180
\titlewidthlast=\dimen181
\titlewidthfirst=\dimen182
))
\@input{TeXiS/TeXiS_cab.aux}
\openout2 = `TeXiS/TeXiS_cab.aux'.

(TeXiS/TeXiS_cab.tex
(C:\Users\Pablo\AppData\Local\Programs\MiKTeX\tex/latex/fancyhdr\fancyhdr.sty
Package: fancyhdr 2019/01/31 v3.10 Extensive control of page headers and footer
s
\f@nch@headwidth=\skip66
\f@nch@O@elh=\skip67
\f@nch@O@erh=\skip68
\f@nch@O@olh=\skip69
\f@nch@O@orh=\skip70
\f@nch@O@elf=\skip71
\f@nch@O@erf=\skip72
\f@nch@O@olf=\skip73
\f@nch@O@orf=\skip74
))
\@input{TeXiS/TeXiS_cover.aux}
\openout2 = `TeXiS/TeXiS_cover.aux'.

(TeXiS/TeXiS_cover.tex)
\@input{TeXiS/TeXiS_part.aux}
\openout2 = `TeXiS/TeXiS_part.aux'.

(TeXiS/TeXiS_part.tex)
\@input{TeXiS/TeXiS_dedic.aux}
\openout2 = `TeXiS/TeXiS_dedic.aux'.

(TeXiS/TeXiS_dedic.tex)
\@input{TeXiS/TeXiS_bib.aux}
\openout2 = `TeXiS/TeXiS_bib.aux'.

(TeXiS/TeXiS_bib.tex))
(C:\Users\Pablo\AppData\Local\Programs\MiKTeX\tex/latex/graphics\color.sty
Package: color 2020/02/24 v1.2b Standard LaTeX Color (DPC)

(C:\Users\Pablo\AppData\Local\Programs\MiKTeX\tex/latex/graphics-cfg\color.cfg
File: color.cfg 2016/01/02 v1.6 sample color configuration
)
Package color Info: Driver file: pdftex.def on input line 147.
)
\@input{constantes.aux}
\openout2 = `constantes.aux'.

(constantes.tex)
Copyright Marco Antonio and Pedro Pablo Gomez Martin

Package hyperref Warning: Token not allowed in a PDF string (PDFDocEncoding):
(hyperref)                removing `\\' on input line 99.


Package hyperref Warning: Token not allowed in a PDF string (PDFDocEncoding):
(hyperref)                removing `\\' on input line 99.


(C:\Users\Pablo\AppData\Local\Programs\MiKTeX\tex/latex/l3backend\l3backend-pdf
tex.def
File: l3backend-pdftex.def 2020-09-24 L3 backend support: PDF output (pdfTeX)
\l__kernel_color_stack_int=\count295
\l__pdf_internal_box=\box99
) (Tesis.aux (Cascaras/cover.aux)
LaTeX Info: Redefining \. on input line 27.
LaTeX Info: Redefining \% on input line 27.
 (TeXiS/TeXiS_toc.aux)
(Capitulos/01Introduccion.aux) (Capitulos/02EstadoDelArte.aux)
(Capitulos/03MetodologiaDesarrollo.aux) (Capitulos/04HerramientasEmpleadas.aux)
(Cascaras/bibliografia.aux) (Cascaras/fin.aux))
\openout1 = `Tesis.aux'.

LaTeX Font Info:    Checking defaults for OML/cmm/m/it on input line 107.
LaTeX Font Info:    ... okay on input line 107.
LaTeX Font Info:    Checking defaults for OMS/cmsy/m/n on input line 107.
LaTeX Font Info:    ... okay on input line 107.
LaTeX Font Info:    Checking defaults for OT1/cmr/m/n on input line 107.
LaTeX Font Info:    ... okay on input line 107.
LaTeX Font Info:    Checking defaults for T1/cmr/m/n on input line 107.
LaTeX Font Info:    ... okay on input line 107.
LaTeX Font Info:    Checking defaults for TS1/cmr/m/n on input line 107.
LaTeX Font Info:    ... okay on input line 107.
LaTeX Font Info:    Checking defaults for OMX/cmex/m/n on input line 107.
LaTeX Font Info:    ... okay on input line 107.
LaTeX Font Info:    Checking defaults for U/cmr/m/n on input line 107.
LaTeX Font Info:    ... okay on input line 107.
LaTeX Font Info:    Checking defaults for PD1/pdf/m/n on input line 107.
LaTeX Font Info:    ... okay on input line 107.
LaTeX Info: Redefining \. on input line 107.
LaTeX Info: Redefining \% on input line 107.
Package hyperref Info: Link coloring OFF on input line 107.

(C:\Users\Pablo\AppData\Local\Programs\MiKTeX\tex/latex/hyperref\nameref.sty
Package: nameref 2019/09/16 v2.46 Cross-referencing by name of section

(C:\Users\Pablo\AppData\Local\Programs\MiKTeX\tex/latex/refcount\refcount.sty
Package: refcount 2019/12/15 v3.6 Data extraction from label references (HO)
)
(C:\Users\Pablo\AppData\Local\Programs\MiKTeX\tex/generic/gettitlestring\gettit
lestring.sty
Package: gettitlestring 2019/12/15 v1.6 Cleanup title references (HO)
)
\c@section@level=\count296
)
LaTeX Info: Redefining \ref on input line 107.
LaTeX Info: Redefining \pageref on input line 107.
LaTeX Info: Redefining \nameref on input line 107.
 (Tesis.out) (Tesis.out)
\@outlinefile=\write5
\openout5 = `Tesis.out'.

Package caption Info: Begin \AtBeginDocument code.
Package caption Info: subfig package v1.3 is loaded.
Package caption Info: listings package is loaded.
Package caption Info: End \AtBeginDocument code.
\c@lstlisting=\count297

(C:\Users\Pablo\AppData\Local\Programs\MiKTeX\tex/context/base/mkii\supp-pdf.mk
ii
[Loading MPS to PDF converter (version 2006.09.02).]
\scratchcounter=\count298
\scratchdimen=\dimen183
\scratchbox=\box100
\nofMPsegments=\count299
\nofMParguments=\count300
\everyMPshowfont=\toks25
\MPscratchCnt=\count301
\MPscratchDim=\dimen184
\MPnumerator=\count302
\makeMPintoPDFobject=\count303
\everyMPtoPDFconversion=\toks26
)
(C:\Users\Pablo\AppData\Local\Programs\MiKTeX\tex/latex/epstopdf-pkg\epstopdf-b
ase.sty
Package: epstopdf-base 2020-01-24 v2.11 Base part for package epstopdf
Package epstopdf-base Info: Redefining graphics rule for `.eps' on input line 4
85.
) (guionado.tex)
\openout2 = `Cascaras/cover.aux'.

 (Cascaras/cover.tex
\cambioIzquierdo=\skip75
\cambioDerecho=\skip76
\margenPortada=\skip77
\evensidemarginOriginal=\skip78
\oddsidemarginOriginal=\skip79
\longTitulo=\skip80
<Imagenes/Vectorial/escudoUCM.pdf, id=115, 597.23125pt x 844.15375pt>
File: Imagenes/Vectorial/escudoUCM.pdf Graphic file (type pdf)
<use Imagenes/Vectorial/escudoUCM.pdf>
Package pdftex.def Info: Imagenes/Vectorial/escudoUCM.pdf  used on input line 1
58.
(pdftex.def)             Requested size: 119.44412pt x 168.82776pt.
 [1



























{C:/Users/Pablo/AppData/Local/MiKTeX/pdftex/config/pdftex.map} <./Imagenes/Vect
orial/escudoUCM.pdf>] [2]
[3]) [4]
\openout2 = `TeXiS/TeXiS_toc.aux'.

 (TeXiS/TeXiS_toc.tex (Tesis.toc
LaTeX Info: Redefining \. on input line 1.
LaTeX Info: Redefining \% on input line 1.
LaTeX Font Info:    External font `cmex10' loaded for size
(Font)              <10.95> on input line 3.
LaTeX Font Info:    External font `cmex10' loaded for size
(Font)              <8> on input line 3.
LaTeX Font Info:    External font `cmex10' loaded for size
(Font)              <6> on input line 3.
)
\tf@toc=\write6
\openout6 = `Tesis.toc'.

 [5




] [6

] (Tesis.lof
LaTeX Info: Redefining \. on input line 1.
LaTeX Info: Redefining \% on input line 1.
)
\tf@lof=\write7
\openout7 = `Tesis.lof'.

 [7] [8

]
(Tesis.lot
LaTeX Info: Redefining \. on input line 1.
LaTeX Info: Redefining \% on input line 1.
)
\tf@lot=\write8
\openout8 = `Tesis.lot'.

 [9]) [10



]
\openout2 = `Capitulos/01Introduccion.aux'.

 (Capitulos/01Introduccion.tex
Cap\'itulo 1.
[1


])
LaTeX Info: Redefining \. on input line 135.
LaTeX Info: Redefining \% on input line 135.
 [2]
\openout2 = `Capitulos/02EstadoDelArte.aux'.

 (Capitulos/02EstadoDelArte.tex
Cap\'itulo 2.
[3




]
LaTeX Info: Redefining \. on input line 45.
LaTeX Info: Redefining \% on input line 45.
 [4]
<Imagenes/Bitmap/pictogramarosa.png, id=244, 501.875pt x 501.875pt>
File: Imagenes/Bitmap/pictogramarosa.png Graphic file (type png)
<use Imagenes/Bitmap/pictogramarosa.png>
Package pdftex.def Info: Imagenes/Bitmap/pictogramarosa.png  used on input line
 61.
(pdftex.def)             Requested size: 143.9978pt x 144.00076pt.
<Imagenes/Bitmap/pictogramacomer.png, id=246, 501.875pt x 501.875pt>
File: Imagenes/Bitmap/pictogramacomer.png Graphic file (type png)
<use Imagenes/Bitmap/pictogramacomer.png>
Package pdftex.def Info: Imagenes/Bitmap/pictogramacomer.png  used on input lin
e 62.
(pdftex.def)             Requested size: 143.9978pt x 144.00076pt.
<Imagenes/Bitmap/pictogramatienda.png, id=248, 1202.24156pt x 548.0475pt>
File: Imagenes/Bitmap/pictogramatienda.png Graphic file (type png)
<use Imagenes/Bitmap/pictogramatienda.png>
Package pdftex.def Info: Imagenes/Bitmap/pictogramatienda.png  used on input li
ne 67.
(pdftex.def)             Requested size: 360.0pt x 164.1061pt.
LaTeX Info: Redefining \. on input line 68.
LaTeX Info: Redefining \% on input line 68.
 [5 <./Imagenes/Bitmap/pictogramarosa.png>]
Underfull \vbox (badness 10000) has occurred while \output is active []

LaTeX Info: Redefining \. on input line 71.
LaTeX Info: Redefining \% on input line 71.
 [6 <./Imagenes/Bitmap/pictogramacomer.png> <./Imagenes/Bitmap/pictogramatienda
.png>]
<Imagenes/Bitmap/araword.jpg, id=261, 1028.34187pt x 548.0475pt>
File: Imagenes/Bitmap/araword.jpg Graphic file (type jpg)
<use Imagenes/Bitmap/araword.jpg>
Package pdftex.def Info: Imagenes/Bitmap/araword.jpg  used on input line 76.
(pdftex.def)             Requested size: 360.0pt x 191.8613pt.
LaTeX Info: Redefining \. on input line 82.
LaTeX Info: Redefining \% on input line 82.

[7 <./Imagenes/Bitmap/araword.jpg>]
LaTeX Info: Redefining \. on input line 100.
LaTeX Info: Redefining \% on input line 100.
 [8]
<Imagenes/Bitmap/guiongrafico.jpeg, id=272, 1266.7325pt x 820.06375pt>
File: Imagenes/Bitmap/guiongrafico.jpeg Graphic file (type jpg)
<use Imagenes/Bitmap/guiongrafico.jpeg>
Package pdftex.def Info: Imagenes/Bitmap/guiongrafico.jpeg  used on input line 
104.
(pdftex.def)             Requested size: 360.0pt x 233.0574pt.
<Imagenes/Bitmap/prototipointeractivo.jpeg, id=273, 1569.865pt x 883.3pt>
File: Imagenes/Bitmap/prototipointeractivo.jpeg Graphic file (type jpg)
<use Imagenes/Bitmap/prototipointeractivo.jpeg>
Package pdftex.def Info: Imagenes/Bitmap/prototipointeractivo.jpeg  used on inp
ut line 107.
(pdftex.def)             Requested size: 360.0pt x 202.54822pt.
LaTeX Info: Redefining \. on input line 111.
LaTeX Info: Redefining \% on input line 111.
 [9 <./Imagenes/Bitmap/guiongrafico.jpeg>])
LaTeX Info: Redefining \. on input line 136.
LaTeX Info: Redefining \% on input line 136.
 [10 <./Imagenes/Bitmap/prototipointeractivo.jpeg>]
\openout2 = `Capitulos/03MetodologiaDesarrollo.aux'.


(Capitulos/03MetodologiaDesarrollo.tex
Cap\'itulo 3.
<Imagenes/Bitmap/etapasMetTradicional.png, id=284, 1031.855pt x 642.4pt>
File: Imagenes/Bitmap/etapasMetTradicional.png Graphic file (type png)
<use Imagenes/Bitmap/etapasMetTradicional.png>
Package pdftex.def Info: Imagenes/Bitmap/etapasMetTradicional.png  used on inpu
t line 39.
(pdftex.def)             Requested size: 360.0pt x 224.118pt.
[11




]
LaTeX Info: Redefining \. on input line 55.
LaTeX Info: Redefining \% on input line 55.
 [12 <./Imagenes/Bitmap/etapasMetTradicional.png (PNG copy)>]
LaTeX Info: Redefining \. on input line 75.
LaTeX Info: Redefining \% on input line 75.
 [13]
<Imagenes/Bitmap/tableroKanban.jpg, id=299, 1446.90562pt x 710.655pt>
File: Imagenes/Bitmap/tableroKanban.jpg Graphic file (type jpg)
<use Imagenes/Bitmap/tableroKanban.jpg>
Package pdftex.def Info: Imagenes/Bitmap/tableroKanban.jpg  used on input line 
77.
(pdftex.def)             Requested size: 360.0pt x 176.8175pt.
LaTeX Info: Redefining \. on input line 88.
LaTeX Info: Redefining \% on input line 88.
 [14 <./Imagenes/Bitmap/tableroKanban.jpg>]
<Imagenes/Bitmap/tareaVariosUsuarios.png, id=306, 579.66562pt x 606.01407pt>
File: Imagenes/Bitmap/tareaVariosUsuarios.png Graphic file (type png)
<use Imagenes/Bitmap/tareaVariosUsuarios.png>
Package pdftex.def Info: Imagenes/Bitmap/tareaVariosUsuarios.png  used on input
 line 95.
(pdftex.def)             Requested size: 360.0pt x 376.36288pt.
LaTeX Info: Redefining \. on input line 119.
LaTeX Info: Redefining \% on input line 119.
 [15]
LaTeX Info: Redefining \. on input line 122.
LaTeX Info: Redefining \% on input line 122.
 [16 <./Imagenes/Bitmap/tareaVariosUsuarios.png>]
LaTeX Font Info:    External font `cmex10' loaded for size
(Font)              <9> on input line 124.
LaTeX Font Info:    External font `cmex10' loaded for size
(Font)              <5> on input line 124.
)
LaTeX Info: Redefining \. on input line 137.
LaTeX Info: Redefining \% on input line 137.
 [17]
\openout2 = `Capitulos/04HerramientasEmpleadas.aux'.

 (Capitulos/04HerramientasEmpleadas.tex [18




]
Cap\'itulo 4.
[19]
<Imagenes/Bitmap/interfazMoqups.png, id=340, 1445.4pt x 709.14937pt>
File: Imagenes/Bitmap/interfazMoqups.png Graphic file (type png)
<use Imagenes/Bitmap/interfazMoqups.png>
Package pdftex.def Info: Imagenes/Bitmap/interfazMoqups.png  used on input line
 29.
(pdftex.def)             Requested size: 360.0pt x 176.62683pt.
<Imagenes/Bitmap/interaccionesMoqups.png, id=341, 1446.90562pt x 711.4078pt>
File: Imagenes/Bitmap/interaccionesMoqups.png Graphic file (type png)
<use Imagenes/Bitmap/interaccionesMoqups.png>
Package pdftex.def Info: Imagenes/Bitmap/interaccionesMoqups.png  used on input
 line 31.
(pdftex.def)             Requested size: 360.0pt x 177.0048pt.
LaTeX Info: Redefining \. on input line 42.
LaTeX Info: Redefining \% on input line 42.
 [20 <./Imagenes/Bitmap/interfazMoqups.png>]
<Imagenes/Bitmap/reactSinJSX.png, id=351, 432.11438pt x 256.70906pt>
File: Imagenes/Bitmap/reactSinJSX.png Graphic file (type png)
<use Imagenes/Bitmap/reactSinJSX.png>
Package pdftex.def Info: Imagenes/Bitmap/reactSinJSX.png  used on input line 45
.
(pdftex.def)             Requested size: 360.0pt x 213.87537pt.
<Imagenes/Bitmap/reactConJSX.png, id=352, 433.62pt x 272.51813pt>
File: Imagenes/Bitmap/reactConJSX.png Graphic file (type png)
<use Imagenes/Bitmap/reactConJSX.png>
Package pdftex.def Info: Imagenes/Bitmap/reactConJSX.png  used on input line 47
.
(pdftex.def)             Requested size: 360.0pt x 226.26067pt.
)
LaTeX Info: Redefining \. on input line 138.
LaTeX Info: Redefining \% on input line 138.
 [21 <./Imagenes/Bitmap/interaccionesMoqups.png>]
LaTeX Info: Redefining \. on input line 138.
LaTeX Info: Redefining \% on input line 138.
 [22 <./Imagenes/Bitmap/reactSinJSX.png> <./Imagenes/Bitmap/reactConJSX.png>]
\openout2 = `Cascaras/bibliografia.aux'.

 (Cascaras/bibliografia.tex (Tesis.bbl

Package natbib Warning: Empty `thebibliography' environment on input line 4.

)) [23





]
\openout2 = `Cascaras/fin.aux'.

 (Cascaras/fin.tex [24



] [25]) (Tesis.aux (Cascaras/cover.aux)
LaTeX Info: Redefining \. on input line 27.
LaTeX Info: Redefining \% on input line 27.

(TeXiS/TeXiS_toc.aux) (Capitulos/01Introduccion.aux)
(Capitulos/02EstadoDelArte.aux) (Capitulos/03MetodologiaDesarrollo.aux)
(Capitulos/04HerramientasEmpleadas.aux) (Cascaras/bibliografia.aux)
(Cascaras/fin.aux))
Package rerunfilecheck Info: File `Tesis.out' has not changed.
(rerunfilecheck)             Checksum: 9D6695BDCFB87073A1AD7B0FE5BABAD3;1802.
 ) 
Here is how much of TeX's memory you used:
 11195 strings out of 479799
 176557 string characters out of 2869722
 489633 words of memory out of 3000000
 27556 multiletter control sequences out of 15000+200000
 554742 words of font info for 63 fonts, out of 3000000 for 9000
 1380 hyphenation exceptions out of 8191
 100i,12n,102p,827b,528s stack positions out of 5000i,500n,10000p,200000b,50000s
 <C:\Users\Pablo\AppData\Local\MiKTeX\fonts/pk/ljfour/jknappen/ec/dpi600\ecrm
0900.pk> <C:\Users\Pablo\AppData\Local\MiKTeX\fonts/pk/ljfour/jknappen/ec/dpi60
0\ecrm0600.pk> <C:\Users\Pablo\AppData\Local\MiKTeX\fonts/pk/ljfour/jknappen/ec
/dpi600\ecrm0800.pk> <C:\Users\Pablo\AppData\Local\MiKTeX\fonts/pk/ljfour/jknap
pen/ec/dpi600\ecti1000.pk> <C:\Users\Pablo\AppData\Local\MiKTeX\fonts/pk/ljfour
/jknappen/ec/dpi600\ecxc1000.pk> <C:\Users\Pablo\AppData\Local\MiKTeX\fonts/pk/
ljfour/jknappen/ec/dpi600\ecti1095.pk> <C:\Users\Pablo\AppData\Local\MiKTeX\fon
ts/pk/ljfour/jknappen/ec/dpi600\eccc1095.pk> <C:\Users\Pablo\AppData\Local\MiKT
eX\fonts/pk/ljfour/jknappen/ec/dpi600\ecbx1095.pk> <C:\Users\Pablo\AppData\Loca
l\MiKTeX\fonts/pk/ljfour/jknappen/ec/dpi600\ecbx2488.pk> <C:\Users\Pablo\AppDat
a\Local\MiKTeX\fonts/pk/ljfour/jknappen/ec/dpi600\tcrm1095.pk> <C:\Users\Pablo\
AppData\Local\MiKTeX\fonts/pk/ljfour/jknappen/ec/dpi600\ecrm1095.pk> <C:\Users\
Pablo\AppData\Local\MiKTeX\fonts/pk/ljfour/jknappen/ec/dpi600\ecti1200.pk> <C:\
Users\Pablo\AppData\Local\MiKTeX\fonts/pk/ljfour/jknappen/ec/dpi600\ecrm2488.pk
> <C:\Users\Pablo\AppData\Local\MiKTeX\fonts/pk/ljfour/jknappen/ec/dpi600\eccc1
000.pk> <C:\Users\Pablo\AppData\Local\MiKTeX\fonts/pk/ljfour/jknappen/ec/dpi600
\ecrm1000.pk> <C:\Users\Pablo\AppData\Local\MiKTeX\fonts/pk/ljfour/jknappen/ec/
dpi600\ecbx1200.pk> <C:\Users\Pablo\AppData\Local\MiKTeX\fonts/pk/ljfour/jknapp
en/ec/dpi600\ecbx1440.pk> <C:\Users\Pablo\AppData\Local\MiKTeX\fonts/pk/ljfour/
jknappen/ec/dpi600\ecbx2074.pk>
Output written on Tesis.pdf (35 pages, 2580691 bytes).
PDF statistics:
 940 PDF objects out of 1000 (max. 8388607)
 87 named destinations out of 1000 (max. 500000)
 295 words of extra memory for PDF output out of 10000 (max. 10000000)

