\BOOKMARK [0][-]{titulo.0}{P\341gina de T\355tulo}{}% 1
\BOOKMARK [0][-]{indices.0}{\315ndices}{}% 2
\BOOKMARK [1][-]{tabla de contenidos.1}{Tabla de contenidos}{indices.0}% 3
\BOOKMARK [1][-]{indice de figuras.1}{\315ndice de figuras}{indices.0}% 4
\BOOKMARK [1][-]{indice de tablas.1}{\315ndice de tablas}{indices.0}% 5
\BOOKMARK [0][-]{chapter.1}{Introducci\363n}{}% 6
\BOOKMARK [1][-]{section.1.1}{Motivaci\363n}{chapter.1}% 7
\BOOKMARK [1][-]{section.1.2}{Objetivos}{chapter.1}% 8
\BOOKMARK [0][-]{chapter.2}{Estado del Arte}{}% 9
\BOOKMARK [1][-]{section.2.1}{Adaptaci\363n Curricular}{chapter.2}% 10
\BOOKMARK [2][-]{subsection.2.1.1}{Lectura f\341cil}{section.2.1}% 11
\BOOKMARK [2][-]{subsection.2.1.2}{Pictogramas}{section.2.1}% 12
\BOOKMARK [2][-]{subsection.2.1.3}{Herramientas que facilitan adaptaciones curriculares}{section.2.1}% 13
\BOOKMARK [1][-]{section.2.2}{Dise\361o Centrado en el Usuario}{chapter.2}% 14
\BOOKMARK [2][-]{subsection.2.2.1}{Conocer al usuario}{section.2.2}% 15
\BOOKMARK [2][-]{subsection.2.2.2}{Prototipado}{section.2.2}% 16
\BOOKMARK [2][-]{subsection.2.2.3}{Evaluaci\363n}{section.2.2}% 17
\BOOKMARK [0][-]{chapter.3}{Metodolog\355a de desarrollo}{}% 18
\BOOKMARK [1][-]{section.3.1}{Metodolog\355a tradicional vs. Metodolog\355a \341gil}{chapter.3}% 19
\BOOKMARK [1][-]{section.3.2}{Kanban}{chapter.3}% 20
\BOOKMARK [2][-]{subsection.3.2.1}{Tablero Kanban}{section.3.2}% 21
\BOOKMARK [1][-]{section.3.3}{Tipos de pruebas}{chapter.3}% 22
\BOOKMARK [2][-]{subsection.3.3.1}{Pruebas unitarias}{section.3.3}% 23
\BOOKMARK [0][-]{chapter.4}{Herramientas empleadas}{}% 24
\BOOKMARK [1][-]{section.4.1}{Moqups}{chapter.4}% 25
\BOOKMARK [1][-]{section.4.2}{React}{chapter.4}% 26
\BOOKMARK [0][-]{appendix*.17}{Bibliograf\355a}{}% 27
\BOOKMARK [0][-]{fin.0}{Fin}{}% 28
